<?xml version="1.0" encoding="UTF-8"?>
<testsuite xmlns:xsi="http://www.w3.org/2001/XMLSchema-instance" xsi:noNamespaceSchemaLocation="https://maven.apache.org/surefire/maven-surefire-plugin/xsd/surefire-test-report-3.0.xsd" version="3.0" name="petEndpoint.findPet.FindByStatusTest" time="7.647" tests="5" errors="0" skipped="0" failures="2">
  <properties>
[...]
</properties>
  <testcase name="givenNoStatus_findAllPetDetailsByStatus_thenBadRequest400" classname="petEndpoint.findPet.FindByStatusTest" time="2.449">
    <failure message="1 expectation failed.&#10;Expected status code &lt;400&gt; but was &lt;200&gt;.&#10;" type="java.lang.AssertionError"><![CDATA[java.lang.AssertionError: 
1 expectation failed.
Expected status code <400> but was <200>.

	at java.base/jdk.internal.reflect.DirectConstructorHandleAccessor.newInstance(DirectConstructorHandleAccessor.java:62)
	at java.base/java.lang.reflect.Constructor.newInstanceWithCaller(Constructor.java:502)
	at java.base/java.lang.reflect.Constructor.newInstance(Constructor.java:486)
	at org.codehaus.groovy.reflection.CachedConstructor.invoke(CachedConstructor.java:73)
	at org.codehaus.groovy.runtime.callsite.ConstructorSite$ConstructorSiteNoUnwrapNoCoerce.callConstructor(ConstructorSite.java:108)
	at org.codehaus.groovy.runtime.callsite.CallSiteArray.defaultCallConstructor(CallSiteArray.java:57)
	at org.codehaus.groovy.runtime.callsite.AbstractCallSite.callConstructor(AbstractCallSite.java:263)
	at org.codehaus.groovy.runtime.callsite.AbstractCallSite.callConstructor(AbstractCallSite.java:277)
	at io.restassured.internal.ResponseSpecificationImpl$HamcrestAssertionClosure.validate(ResponseSpecificationImpl.groovy:512)
	at io.restassured.internal.ResponseSpecificationImpl$HamcrestAssertionClosure$validate$1.call(Unknown Source)
	at org.codehaus.groovy.runtime.callsite.CallSiteArray.defaultCall(CallSiteArray.java:45)
	at org.codehaus.groovy.runtime.callsite.AbstractCallSite.call(AbstractCallSite.java:125)
	at org.codehaus.groovy.runtime.callsite.AbstractCallSite.call(AbstractCallSite.java:139)
	at io.restassured.internal.ResponseSpecificationImpl.validateResponseIfRequired(ResponseSpecificationImpl.groovy:696)
	at io.restassured.internal.ResponseSpecificationImpl.this$2$validateResponseIfRequired(ResponseSpecificationImpl.groovy)
	at java.base/jdk.internal.reflect.DirectMethodHandleAccessor.invoke(DirectMethodHandleAccessor.java:103)
	at java.base/java.lang.reflect.Method.invoke(Method.java:580)
	at org.codehaus.groovy.runtime.callsite.PlainObjectMetaMethodSite.doInvoke(PlainObjectMetaMethodSite.java:43)
	at org.codehaus.groovy.runtime.callsite.PogoMetaMethodSite$PogoCachedMethodSiteNoUnwrapNoCoerce.invoke(PogoMetaMethodSite.java:198)
	at org.codehaus.groovy.runtime.callsite.PogoMetaMethodSite.callCurrent(PogoMetaMethodSite.java:62)
	at org.codehaus.groovy.runtime.callsite.CallSiteArray.defaultCallCurrent(CallSiteArray.java:49)
	at org.codehaus.groovy.runtime.callsite.AbstractCallSite.callCurrent(AbstractCallSite.java:171)
	at org.codehaus.groovy.runtime.callsite.AbstractCallSite.callCurrent(AbstractCallSite.java:185)
	at io.restassured.internal.ResponseSpecificationImpl.statusCode(ResponseSpecificationImpl.groovy:135)
	at io.restassured.specification.ResponseSpecification$statusCode$0.callCurrent(Unknown Source)
	at org.codehaus.groovy.runtime.callsite.CallSiteArray.defaultCallCurrent(CallSiteArray.java:49)
	at org.codehaus.groovy.runtime.callsite.AbstractCallSite.callCurrent(AbstractCallSite.java:171)
	at org.codehaus.groovy.runtime.callsite.AbstractCallSite.callCurrent(AbstractCallSite.java:185)
	at io.restassured.internal.ResponseSpecificationImpl.statusCode(ResponseSpecificationImpl.groovy:143)
	at io.restassured.internal.ValidatableResponseOptionsImpl.statusCode(ValidatableResponseOptionsImpl.java:89)
	at petEndpoint.findPet.FindByStatusTest.givenNoStatus_findAllPetDetailsByStatus_thenBadRequest400(FindByStatusTest.java:106)
	at java.base/java.lang.reflect.Method.invoke(Method.java:580)
	at java.base/java.util.ArrayList.forEach(ArrayList.java:1596)
	at java.base/java.util.ArrayList.forEach(ArrayList.java:1596)
]]></failure>
    <system-out><![CDATA[Request method:	GET
Request URI:	https://petstore.swagger.io/v2/pet/findByStatus
Proxy:			<none>
Request params:	<none>
Query params:	<none>
Form params:	<none>
Path params:	<none>
Headers:		Accept=*/*
Cookies:		<none>
Multiparts:		<none>
Body:			<none>
]]></system-out>
  </testcase>
  <testcase name="givenValidStatusAvailable_findAllPetDetailsByStatus_thenSuccess200" classname="petEndpoint.findPet.FindByStatusTest" time="1.284">
    <system-out><![CDATA[Request method:	GET
Request URI:	https://petstore.swagger.io/v2/pet/findByStatus?status=available
Proxy:			<none>
Request params:	<none>
Query params:	status=available
Form params:	<none>
Path params:	<none>
Headers:		Accept=*/*
Cookies:		<none>
Multiparts:		<none>
Body:			<none>
]]></system-out>
  </testcase>
  <testcase name="givenInvalidStatus_findAllPetDetailsByStatus_thenBadRequest400" classname="petEndpoint.findPet.FindByStatusTest" time="1.251">
    <failure message="1 expectation failed.&#10;Expected status code &lt;400&gt; but was &lt;200&gt;.&#10;" type="java.lang.AssertionError"><![CDATA[java.lang.AssertionError: 
1 expectation failed.
Expected status code <400> but was <200>.

	at java.base/jdk.internal.reflect.DirectConstructorHandleAccessor.newInstance(DirectConstructorHandleAccessor.java:62)
	at java.base/java.lang.reflect.Constructor.newInstanceWithCaller(Constructor.java:502)
	at java.base/java.lang.reflect.Constructor.newInstance(Constructor.java:486)
	at org.codehaus.groovy.reflection.CachedConstructor.invoke(CachedConstructor.java:73)
	at org.codehaus.groovy.runtime.callsite.ConstructorSite$ConstructorSiteNoUnwrapNoCoerce.callConstructor(ConstructorSite.java:108)
	at org.codehaus.groovy.runtime.callsite.AbstractCallSite.callConstructor(AbstractCallSite.java:277)
	at io.restassured.internal.ResponseSpecificationImpl$HamcrestAssertionClosure.validate(ResponseSpecificationImpl.groovy:512)
	at io.restassured.internal.ResponseSpecificationImpl$HamcrestAssertionClosure$validate$1.call(Unknown Source)
	at io.restassured.internal.ResponseSpecificationImpl.validateResponseIfRequired(ResponseSpecificationImpl.groovy:696)
	at io.restassured.internal.ResponseSpecificationImpl.this$2$validateResponseIfRequired(ResponseSpecificationImpl.groovy)
	at java.base/jdk.internal.reflect.DirectMethodHandleAccessor.invoke(DirectMethodHandleAccessor.java:103)
	at java.base/java.lang.reflect.Method.invoke(Method.java:580)
	at org.codehaus.groovy.runtime.callsite.PlainObjectMetaMethodSite.doInvoke(PlainObjectMetaMethodSite.java:43)
	at org.codehaus.groovy.runtime.callsite.PogoMetaMethodSite$PogoCachedMethodSiteNoUnwrapNoCoerce.invoke(PogoMetaMethodSite.java:198)
	at org.codehaus.groovy.runtime.callsite.PogoMetaMethodSite.callCurrent(PogoMetaMethodSite.java:62)
	at org.codehaus.groovy.runtime.callsite.AbstractCallSite.callCurrent(AbstractCallSite.java:185)
	at io.restassured.internal.ResponseSpecificationImpl.statusCode(ResponseSpecificationImpl.groovy:135)
	at io.restassured.specification.ResponseSpecification$statusCode$0.callCurrent(Unknown Source)
	at io.restassured.internal.ResponseSpecificationImpl.statusCode(ResponseSpecificationImpl.groovy:143)
	at io.restassured.internal.ValidatableResponseOptionsImpl.statusCode(ValidatableResponseOptionsImpl.java:89)
	at petEndpoint.findPet.FindByStatusTest.givenInvalidStatus_findAllPetDetailsByStatus_thenBadRequest400(FindByStatusTest.java:86)
	at java.base/java.lang.reflect.Method.invoke(Method.java:580)
	at java.base/java.util.ArrayList.forEach(ArrayList.java:1596)
	at java.base/java.util.ArrayList.forEach(ArrayList.java:1596)
]]></failure>
    <system-out><![CDATA[Request method:	GET
Request URI:	https://petstore.swagger.io/v2/pet/findByStatus?status=blah
Proxy:			<none>
Request params:	<none>
Query params:	status=blah
Form params:	<none>
Path params:	<none>
Headers:		Accept=*/*
Cookies:		<none>
Multiparts:		<none>
Body:			<none>
]]></system-out>
  </testcase>
  <testcase name="givenValidStatusPending_findAllPetDetailsByStatus_thenSuccess200" classname="petEndpoint.findPet.FindByStatusTest" time="1.371">
    <system-out><![CDATA[Request method:	GET
Request URI:	https://petstore.swagger.io/v2/pet/findByStatus?status=pending
Proxy:			<none>
Request params:	<none>
Query params:	status=pending
Form params:	<none>
Path params:	<none>
Headers:		Accept=*/*
Cookies:		<none>
Multiparts:		<none>
Body:			<none>
HTTP/1.1 200 OK
Date: Mon, 05 Feb 2024 08:29:53 GMT
Content-Type: application/json
Transfer-Encoding: chunked
Connection: keep-alive
Access-Control-Allow-Origin: *
Access-Control-Allow-Methods: GET, POST, DELETE, PUT
Access-Control-Allow-Headers: Content-Type, api_key, Authorization
Server: Jetty(9.2.9.v20150224)

[
    {
        "id": 9223372036854312750,
        "category": {
            "id": 86059836,
            "name": "adipisicing in reprehen"
        },
        "name": "doggie",
        "photoUrls": [
            "",
            "elit velit"
        ],
        "tags": [
            {
                "id": -66663367,
                "name": "commodo velit"
            },
            {
                "id": 95735457,
                "name": "deserunt ex incididunt"
            }
        ],
        "status": "pending"
    },
    {
        "id": 9223372036854312751,
        "category": {
            "id": -29575580,
            "name": "aliqua Excepteur magna"
        },
        "name": "doggie",
        "photoUrls": [
            "commodo minim nisi",
            "tempor magna"
        ],
        "tags": [
            {
                "id": -52248637,
                "name": "exercitation irure sunt laborum"
            },
            {
                "id": -59740185,
                "name": "labore dolore"
            }
        ],
        "status": "pending"
    },
    {
        "id": 9223372036854312764,
        "category": {
            "id": 1002,
            "name": "Special Dogs for Police"
        },
        "name": "Rani",
        "photoUrls": [
            "string"
        ],
        "tags": [
            {
                "id": 0,
                "name": "None"
            }
        ],
        "status": "pending"
    },
    {
        "id": 415,
        "category": {
            "id": 2,
            "name": "Brown"
        },
        "name": "Brown Doggie",
        "photoUrls": [
            "dog2.jpg"
        ],
        "tags": [
            {
                "id": 11,
                "name": "Short Doggie"
            }
        ],
        "status": "pending"
    },
    {
        "id": 12345,
        "category": {
            "id": 1,
            "name": "dog"
        },
        "name": "snoopie",
        "photoUrls": [
            "string"
        ],
        "tags": [
            {
                "id": 0,
                "name": "string"
            }
        ],
        "status": "pending"
    },
    {
        "id": 12347,
        "category": {
            "id": 1,
            "name": "dog"
        },
        "name": "snoopie",
        "photoUrls": [
            "string"
        ],
        "tags": [
            {
                "id": 0,
                "name": "string"
            }
        ],
        "status": "pending"
    },
    {
        "id": 11223344,
        "category": {
            "id": 111,
            "name": "someCategoryName"
        },
        "name": "complex",
        "photoUrls": [
            "<url1>https://myphoto/123</url1>",
            "<url2>https://myphoto/1234</url2>"
        ],
        "tags": [
            {
                "id": 11,
                "name": "someTagName1"
            },
            {
                "id": 22,
                "name": "someTagName2"
            },
            {
                "id": 33,
                "name": "someTagName3"
            }
        ],
        "status": "pending"
    }
]
]]></system-out>
  </testcase>
  <testcase name="givenValidStatusSold_findAllPetDetailsByStatus_thenSuccess200" classname="petEndpoint.findPet.FindByStatusTest" time="1.276">
    <system-out><![CDATA[Request method:	GET
Request URI:	https://petstore.swagger.io/v2/pet/findByStatus?status=sold
Proxy:			<none>
Request params:	<none>
Query params:	status=sold
Form params:	<none>
Path params:	<none>
Headers:		Accept=*/*
Cookies:		<none>
Multiparts:		<none>
Body:			<none>
HTTP/1.1 200 OK
Date: Mon, 05 Feb 2024 08:29:55 GMT
Content-Type: application/json
Transfer-Encoding: chunked
Connection: keep-alive
Access-Control-Allow-Origin: *
Access-Control-Allow-Methods: GET, POST, DELETE, PUT
Access-Control-Allow-Headers: Content-Type, api_key, Authorization
Server: Jetty(9.2.9.v20150224)

[
    {
        "id": 6,
        "category": {
            "id": 0,
            "name": "string"
        },
        "name": "dog0",
        "photoUrls": [
            "string"
        ],
        "tags": [
            {
                "id": 0,
                "name": "string"
            }
        ],
        "status": "sold"
    },
    {
        "id": 9223372036854312000,
        "category": {
            "id": 0,
            "name": "string"
        },
        "name": "fish",
        "photoUrls": [
            "string"
        ],
        "tags": [
            {
                "id": 0,
                "name": "string"
            }
        ],
        "status": "sold"
    },
    {
        "id": 7777777777,
        "category": {
            "id": 0,
            "name": "someCategoryName"
        },
        "name": "simple",
        "photoUrls": [
            "somePhotoURL"
        ],
        "tags": [
            {
                "id": 0,
                "name": "someTagName"
            }
        ],
        "status": "sold"
    },
    {
        "id": 9223372036854313214,
        "category": {
            "id": -4630181,
            "name": "nulla quis pariatur"
        },
        "name": "doggie",
        "photoUrls": [
            "in deserunt esse",
            "ut do occaecat non"
        ],
        "tags": [
            {
                "id": 32974752,
                "name": "eiusmod in exercitation mollit ullamco"
            },
            {
                "id": -97929987,
                "name": "labore do dolor"
            }
        ],
        "status": "sold"
    },
    {
        "id": 822922,
        "category": {
            "id": -69794609,
            "name": "irure laborum id proident incididunt"
        },
        "name": "doggie",
        "photoUrls": [
            "dolore ipsum qui",
            "fugiat non eiusmod Duis nisi"
        ],
        "tags": [
            {
                "id": -24720491,
                "name": "nisi"
            },
            {
                "id": 87603503,
                "name": "ut sint enim cillum nisi"
            }
        ],
        "status": "sold"
    }
]
]]></system-out>
  </testcase>
</testsuite>