<?xml version="1.0" encoding="UTF-8"?>
<testsuite xmlns:xsi="http://www.w3.org/2001/XMLSchema-instance" xsi:noNamespaceSchemaLocation="https://maven.apache.org/surefire/maven-surefire-plugin/xsd/surefire-test-report-3.0.xsd" version="3.0" name="petEndpoint.regressionTest.updatePet.UpdatePetDetailsTest" time="15.325" tests="5" errors="0" skipped="0" failures="2">
  <properties>
[...]
</properties>
  <testcase name="givenInvalidDetailsRequest_updateComplexPetDetails_thenBadRequest400" classname="petEndpoint.regressionTest.updatePet.UpdatePetDetailsTest" time="2.497">
    <system-out><![CDATA[Request method:	POST
Request URI:	https://petstore.swagger.io/v2/pet
Proxy:			<none>
Request params:	<none>
Query params:	<none>
Form params:	<none>
Path params:	<none>
Headers:		Accept=*/*
				Content-Type=application/json
Cookies:		<none>
Multiparts:		<none>
Body:
{
    "id": 3333333333,
    "category": {
        "id": 111,
        "name": "someCategoryName"
    },
    "name": "complex",
    "photoUrls": [
        "<url1>https://myphoto/123</url1>",
        "<url2>https://myphoto/1234</url2>"
    ],
    "tags": [
        {
            "id": 11,
            "name": "someTagName1"
        },
        {
            "id": 22,
            "name": "someTagName2"
        },
        {
            "id": 33,
            "name": "someTagName3"
        }
    ],
    "status": "pending"
}
Request method:	PUT
Request URI:	https://petstore.swagger.io/v2/pet
Proxy:			<none>
Request params:	<none>
Query params:	<none>
Form params:	<none>
Path params:	<none>
Headers:		Accept=*/*
				Content-Type=application/json
Cookies:		<none>
Multiparts:		<none>
Body:
{
  "id": abc,
  "category": {
    "id": 0,
    "name": "someCategoryName"
  },
  "name": "simple",
  "photoUrls": [
    "somePhotoURL"
  ],
  "tags": [
    {
      "id": 0,
      "name": "someTagName"
    }
  ],
  "status": "available"
}
]]></system-out>
  </testcase>
  <testcase name="givenValidComplexDetailsRequest_updateSimplePetDetails_thenSuccess200_withResponseBodyMatched" classname="petEndpoint.regressionTest.updatePet.UpdatePetDetailsTest" time="2.555">
    <system-out><![CDATA[Request method:	POST
Request URI:	https://petstore.swagger.io/v2/pet
Proxy:			<none>
Request params:	<none>
Query params:	<none>
Form params:	<none>
Path params:	<none>
Headers:		Accept=*/*
				Content-Type=application/json
Cookies:		<none>
Multiparts:		<none>
Body:
{
    "id": 3333333333,
    "category": {
        "id": 0,
        "name": "someCategoryName"
    },
    "name": "simple",
    "photoUrls": [
        "somePhotoURL"
    ],
    "tags": [
        {
            "id": 0,
            "name": "someTagName"
        }
    ],
    "status": "available"
}
Request method:	PUT
Request URI:	https://petstore.swagger.io/v2/pet
Proxy:			<none>
Request params:	<none>
Query params:	<none>
Form params:	<none>
Path params:	<none>
Headers:		Accept=*/*
				Content-Type=application/json
Cookies:		<none>
Multiparts:		<none>
Body:
{
    "id": 3333333333,
    "category": {
        "id": 111,
        "name": "someCategoryName"
    },
    "name": "complex",
    "photoUrls": [
        "<url1>https://myphoto/123</url1>",
        "<url2>https://myphoto/1234</url2>"
    ],
    "tags": [
        {
            "id": 11,
            "name": "someTagName1"
        },
        {
            "id": 22,
            "name": "someTagName2"
        },
        {
            "id": 33,
            "name": "someTagName3"
        }
    ],
    "status": "pending"
}
]]></system-out>
  </testcase>
  <testcase name="givenNotExistPetDetailRequest_updatePetDetails_thenNotFound404" classname="petEndpoint.regressionTest.updatePet.UpdatePetDetailsTest" time="5.119">
    <failure message="1 expectation failed.&#10;Expected status code &lt;400&gt; but was &lt;200&gt;.&#10;" type="java.lang.AssertionError"><![CDATA[java.lang.AssertionError: 
1 expectation failed.
Expected status code <400> but was <200>.

	at java.base/jdk.internal.reflect.DirectConstructorHandleAccessor.newInstance(DirectConstructorHandleAccessor.java:62)
	at java.base/java.lang.reflect.Constructor.newInstanceWithCaller(Constructor.java:502)
	at java.base/java.lang.reflect.Constructor.newInstance(Constructor.java:486)
	at org.codehaus.groovy.reflection.CachedConstructor.invoke(CachedConstructor.java:73)
	at org.codehaus.groovy.runtime.callsite.ConstructorSite$ConstructorSiteNoUnwrapNoCoerce.callConstructor(ConstructorSite.java:108)
	at org.codehaus.groovy.runtime.callsite.AbstractCallSite.callConstructor(AbstractCallSite.java:277)
	at io.restassured.internal.ResponseSpecificationImpl$HamcrestAssertionClosure.validate(ResponseSpecificationImpl.groovy:512)
	at io.restassured.internal.ResponseSpecificationImpl$HamcrestAssertionClosure$validate$1.call(Unknown Source)
	at io.restassured.internal.ResponseSpecificationImpl.validateResponseIfRequired(ResponseSpecificationImpl.groovy:696)
	at io.restassured.internal.ResponseSpecificationImpl.this$2$validateResponseIfRequired(ResponseSpecificationImpl.groovy)
	at java.base/jdk.internal.reflect.DirectMethodHandleAccessor.invoke(DirectMethodHandleAccessor.java:103)
	at java.base/java.lang.reflect.Method.invoke(Method.java:580)
	at org.codehaus.groovy.runtime.callsite.PlainObjectMetaMethodSite.doInvoke(PlainObjectMetaMethodSite.java:43)
	at org.codehaus.groovy.runtime.callsite.PogoMetaMethodSite$PogoCachedMethodSiteNoUnwrapNoCoerce.invoke(PogoMetaMethodSite.java:198)
	at org.codehaus.groovy.runtime.callsite.PogoMetaMethodSite.callCurrent(PogoMetaMethodSite.java:62)
	at org.codehaus.groovy.runtime.callsite.AbstractCallSite.callCurrent(AbstractCallSite.java:185)
	at io.restassured.internal.ResponseSpecificationImpl.statusCode(ResponseSpecificationImpl.groovy:135)
	at io.restassured.specification.ResponseSpecification$statusCode$0.callCurrent(Unknown Source)
	at io.restassured.internal.ResponseSpecificationImpl.statusCode(ResponseSpecificationImpl.groovy:143)
	at io.restassured.internal.ValidatableResponseOptionsImpl.statusCode(ValidatableResponseOptionsImpl.java:89)
	at petEndpoint.regressionTest.updatePet.UpdatePetDetailsTest.givenNotExistPetDetailRequest_updatePetDetails_thenNotFound404(UpdatePetDetailsTest.java:231)
	at java.base/java.lang.reflect.Method.invoke(Method.java:580)
	at java.base/java.util.ArrayList.forEach(ArrayList.java:1596)
	at java.base/java.util.ArrayList.forEach(ArrayList.java:1596)
]]></failure>
    <system-out><![CDATA[Request method:	POST
Request URI:	https://petstore.swagger.io/v2/pet
Proxy:			<none>
Request params:	<none>
Query params:	<none>
Form params:	<none>
Path params:	<none>
Headers:		Accept=*/*
				Content-Type=application/json
Cookies:		<none>
Multiparts:		<none>
Body:
{
    "id": 3333333333,
    "category": {
        "id": 111,
        "name": "someCategoryName"
    },
    "name": "complex",
    "photoUrls": [
        "<url1>https://myphoto/123</url1>",
        "<url2>https://myphoto/1234</url2>"
    ],
    "tags": [
        {
            "id": 11,
            "name": "someTagName1"
        },
        {
            "id": 22,
            "name": "someTagName2"
        },
        {
            "id": 33,
            "name": "someTagName3"
        }
    ],
    "status": "pending"
}
Request method:	DELETE
Request URI:	https://petstore.swagger.io/v2/pet/3333333333
Proxy:			<none>
Request params:	<none>
Query params:	<none>
Form params:	<none>
Path params:	<none>
Headers:		Accept=*/*
Cookies:		<none>
Multiparts:		<none>
Body:			<none>
Request method:	GET
Request URI:	https://petstore.swagger.io/v2/pet/3333333333
Proxy:			<none>
Request params:	<none>
Query params:	<none>
Form params:	<none>
Path params:	<none>
Headers:		Accept=*/*
Cookies:		<none>
Multiparts:		<none>
Body:			<none>
Request method:	PUT
Request URI:	https://petstore.swagger.io/v2/pet
Proxy:			<none>
Request params:	<none>
Query params:	<none>
Form params:	<none>
Path params:	<none>
Headers:		Accept=*/*
				Content-Type=application/json
Cookies:		<none>
Multiparts:		<none>
Body:
{
    "id": 3333333333,
    "category": {
        "id": 0,
        "name": "someCategoryName"
    },
    "name": "simple",
    "photoUrls": [
        "somePhotoURL"
    ],
    "tags": [
        {
            "id": 0,
            "name": "someTagName"
        }
    ],
    "status": "available"
}
]]></system-out>
  </testcase>
  <testcase name="givenValidMinimumDetailsRequest_updateComplexPetDetails_thenSuccess200_withResponseBodyMatched" classname="petEndpoint.regressionTest.updatePet.UpdatePetDetailsTest" time="2.582">
    <system-out><![CDATA[Request method:	POST
Request URI:	https://petstore.swagger.io/v2/pet
Proxy:			<none>
Request params:	<none>
Query params:	<none>
Form params:	<none>
Path params:	<none>
Headers:		Accept=*/*
				Content-Type=application/json
Cookies:		<none>
Multiparts:		<none>
Body:
{
    "id": 3333333333,
    "category": {
        "id": 111,
        "name": "someCategoryName"
    },
    "name": "complex",
    "photoUrls": [
        "<url1>https://myphoto/123</url1>",
        "<url2>https://myphoto/1234</url2>"
    ],
    "tags": [
        {
            "id": 11,
            "name": "someTagName1"
        },
        {
            "id": 22,
            "name": "someTagName2"
        },
        {
            "id": 33,
            "name": "someTagName3"
        }
    ],
    "status": "pending"
}
Request method:	PUT
Request URI:	https://petstore.swagger.io/v2/pet
Proxy:			<none>
Request params:	<none>
Query params:	<none>
Form params:	<none>
Path params:	<none>
Headers:		Accept=*/*
				Content-Type=application/json
Cookies:		<none>
Multiparts:		<none>
Body:
{
    "id": 3333333333,
    "name": "minimum",
    "photoUrls": [
        "somePhotoURL"
    ],
    "tags": [
        
    ]
}
]]></system-out>
  </testcase>
  <testcase name="givenInvalidMissingDetailsRequest_updateComplexPetDetails_thenError405" classname="petEndpoint.regressionTest.updatePet.UpdatePetDetailsTest" time="2.56">
    <failure message="1 expectation failed.&#10;Expected status code &lt;405&gt; but was &lt;200&gt;.&#10;" type="java.lang.AssertionError"><![CDATA[java.lang.AssertionError: 
1 expectation failed.
Expected status code <405> but was <200>.

	at java.base/jdk.internal.reflect.DirectConstructorHandleAccessor.newInstance(DirectConstructorHandleAccessor.java:62)
	at java.base/java.lang.reflect.Constructor.newInstanceWithCaller(Constructor.java:502)
	at java.base/java.lang.reflect.Constructor.newInstance(Constructor.java:486)
	at org.codehaus.groovy.reflection.CachedConstructor.invoke(CachedConstructor.java:73)
	at org.codehaus.groovy.runtime.callsite.ConstructorSite$ConstructorSiteNoUnwrapNoCoerce.callConstructor(ConstructorSite.java:108)
	at org.codehaus.groovy.runtime.callsite.AbstractCallSite.callConstructor(AbstractCallSite.java:277)
	at io.restassured.internal.ResponseSpecificationImpl$HamcrestAssertionClosure.validate(ResponseSpecificationImpl.groovy:512)
	at io.restassured.internal.ResponseSpecificationImpl$HamcrestAssertionClosure$validate$1.call(Unknown Source)
	at io.restassured.internal.ResponseSpecificationImpl.validateResponseIfRequired(ResponseSpecificationImpl.groovy:696)
	at io.restassured.internal.ResponseSpecificationImpl.this$2$validateResponseIfRequired(ResponseSpecificationImpl.groovy)
	at java.base/jdk.internal.reflect.DirectMethodHandleAccessor.invoke(DirectMethodHandleAccessor.java:103)
	at java.base/java.lang.reflect.Method.invoke(Method.java:580)
	at org.codehaus.groovy.runtime.callsite.PlainObjectMetaMethodSite.doInvoke(PlainObjectMetaMethodSite.java:43)
	at org.codehaus.groovy.runtime.callsite.PogoMetaMethodSite$PogoCachedMethodSiteNoUnwrapNoCoerce.invoke(PogoMetaMethodSite.java:198)
	at org.codehaus.groovy.runtime.callsite.PogoMetaMethodSite.callCurrent(PogoMetaMethodSite.java:62)
	at org.codehaus.groovy.runtime.callsite.AbstractCallSite.callCurrent(AbstractCallSite.java:185)
	at io.restassured.internal.ResponseSpecificationImpl.statusCode(ResponseSpecificationImpl.groovy:135)
	at io.restassured.specification.ResponseSpecification$statusCode$0.callCurrent(Unknown Source)
	at io.restassured.internal.ResponseSpecificationImpl.statusCode(ResponseSpecificationImpl.groovy:143)
	at io.restassured.internal.ValidatableResponseOptionsImpl.statusCode(ValidatableResponseOptionsImpl.java:89)
	at petEndpoint.regressionTest.updatePet.UpdatePetDetailsTest.givenInvalidMissingDetailsRequest_updateComplexPetDetails_thenError405(UpdatePetDetailsTest.java:136)
	at java.base/java.lang.reflect.Method.invoke(Method.java:580)
	at java.base/java.util.ArrayList.forEach(ArrayList.java:1596)
	at java.base/java.util.ArrayList.forEach(ArrayList.java:1596)
]]></failure>
    <system-out><![CDATA[Request method:	POST
Request URI:	https://petstore.swagger.io/v2/pet
Proxy:			<none>
Request params:	<none>
Query params:	<none>
Form params:	<none>
Path params:	<none>
Headers:		Accept=*/*
				Content-Type=application/json
Cookies:		<none>
Multiparts:		<none>
Body:
{
    "id": 3333333333,
    "category": {
        "id": 111,
        "name": "someCategoryName"
    },
    "name": "complex",
    "photoUrls": [
        "<url1>https://myphoto/123</url1>",
        "<url2>https://myphoto/1234</url2>"
    ],
    "tags": [
        {
            "id": 11,
            "name": "someTagName1"
        },
        {
            "id": 22,
            "name": "someTagName2"
        },
        {
            "id": 33,
            "name": "someTagName3"
        }
    ],
    "status": "pending"
}
Request method:	PUT
Request URI:	https://petstore.swagger.io/v2/pet
Proxy:			<none>
Request params:	<none>
Query params:	<none>
Form params:	<none>
Path params:	<none>
Headers:		Accept=*/*
				Content-Type=application/json
Cookies:		<none>
Multiparts:		<none>
Body:
{
    "id": 3333333333,
    "category": {
        "id": 0,
        "name": ""
    },
    "tags": [
        
    ],
    "status": ""
}
]]></system-out>
  </testcase>
</testsuite>